<testsuites id="" name="" tests="1" failures="0" skipped="0" errors="0" time="7.620177000001073">
<testsuite name="tests\FrontEnd.spec.ts" timestamp="2026-05-18T14:07:20.526Z" hostname="chromium" tests="1" failures="0" skipped="0" time="4.369" errors="0">
<testcase name="Login › Teste de preenchimento correto" classname="tests\FrontEnd.spec.ts" time="4.369">
<system-out>
<![CDATA[É responsivo! 

======================================================================================================================== 

É responsivo! 

======================================================================================================================== 

É responsivo! 

======================================================================================================================== 

É responsivo! 

======================================================================================================================== 

É responsivo! 

======================================================================================================================== 

É responsivo! 

======================================================================================================================== 

É responsivo! 

======================================================================================================================== 

É responsivo! 

======================================================================================================================== 

]]>
</system-out>
</testcase>
</testsuite>
</testsuites>