<testsuites id="" name="" tests="1" failures="0" skipped="0" errors="0" time="22.21175799999945">
<testsuite name="tests\FrontEnd.spec.ts" timestamp="2026-05-25T17:09:32.276Z" hostname="chromium" tests="1" failures="0" skipped="0" time="19.154" errors="0">
<testcase name="Login › Teste password testando o método refresh da página" classname="tests\FrontEnd.spec.ts" time="19.154">
<system-out>
<![CDATA[Erros do método refresh da página: Epic sadface: Username and password do not match any user in this service
Erros do método refresh da página: Epic sadface: Password is required
Erros do método refresh da página: Epic sadface: Username is required
======================================================================================================================== 

Começa os tipos de login! 

]]>
</system-out>
</testcase>
</testsuite>
</testsuites>