<testsuites id="" name="" tests="9" failures="1" skipped="0" errors="0" time="35.426199000000956">
<testsuite name="tests\FrontEnd.spec.ts" timestamp="2026-05-18T16:17:03.188Z" hostname="chromium" tests="9" failures="1" skipped="0" time="28.061" errors="0">
<testcase name="Login › Teste de preenchimento correto" classname="tests\FrontEnd.spec.ts" time="4.581">
<system-out>
<![CDATA[É responsivo! 

======================================================================================================================== 

É responsivo! 

======================================================================================================================== 

É responsivo! 

======================================================================================================================== 

É responsivo! 

======================================================================================================================== 

É responsivo! 

======================================================================================================================== 

É responsivo! 

======================================================================================================================== 

É responsivo! 

======================================================================================================================== 

É responsivo! 

======================================================================================================================== 

]]>
</system-out>
</testcase>
<testcase name="Login › Teste usuarios testando o método limpar campos" classname="tests\FrontEnd.spec.ts" time="2.379">
<system-out>
<![CDATA[Erros do método limpar campos:  Epic sadface: Username and password do not match any user in this service
Erros do método limpar campos:  Epic sadface: Username and password do not match any user in this service
Erros do método limpar campos:  Epic sadface: Username is required
]]>
</system-out>
</testcase>
<testcase name="Login › Teste usuarios testando o método refresh da página" classname="tests\FrontEnd.spec.ts" time="1.594">
<system-out>
<![CDATA[Erros do método refresh da página: Epic sadface: Username and password do not match any user in this service
Erros do método refresh da página: Epic sadface: Username and password do not match any user in this service
Erros do método refresh da página: Epic sadface: Username is required
======================================================================================================================== 

Começa os erros do password! 

]]>
</system-out>
</testcase>
<testcase name="Login › Teste  password testando o método limpar campos" classname="tests\FrontEnd.spec.ts" time="1.274">
<system-out>
<![CDATA[Erros do método limpar campos:  Epic sadface: Username and password do not match any user in this service
Erros do método limpar campos:  Epic sadface: Password is required
Erros do método limpar campos:  Epic sadface: Username and password do not match any user in this service
]]>
</system-out>
</testcase>
<testcase name="Login › Teste password testando o método refresh da página" classname="tests\FrontEnd.spec.ts" time="1.809">
<system-out>
<![CDATA[Erros do método refresh da página: Epic sadface: Username and password do not match any user in this service
Erros do método refresh da página: Epic sadface: Password is required
Erros do método refresh da página: Epic sadface: Username and password do not match any user in this service
======================================================================================================================== 

Começa os tipos de login! 

]]>
</system-out>
</testcase>
<testcase name="Login › Login tipos de usuário" classname="tests\FrontEnd.spec.ts" time="6.458">
<failure message="FrontEnd.spec.ts:139:7 Login tipos de usuário" type="FAILURE">
<![CDATA[  [chromium] › tests\FrontEnd.spec.ts:139:7 › Login › Login tipos de usuário ───────────────────────

    Error: locator.innerText: Target page, context or browser has been closed
    Call log:
      - waiting for locator('h3[data-test="error"]')


      162 |           let erroMessage1 = await page
      163 |             .locator('h3[data-test="error"]')
    > 164 |             .innerText();
          |              ^
      165 |           console.log("Erro do usuário problem_user: " + erroMessage1);
      166 |           await page.screenshot({
      167 |             path: "Evidencias/login/TiposDeUsuario/usuarioProblem.png",
        at C:\Users\013772631\OneDrive - IBM\Desktop\QA_Reskill\Projeto QA\tests\FrontEnd.spec.ts:164:14
]]>
</failure>
<system-out>
<![CDATA[Erro do usuário locked_out_user: Epic sadface: Sorry, this user has been locked out.
Tipo usuário 1 testado! 

]]>
</system-out>
</testcase>
<testcase name="Login › Logout" classname="tests\FrontEnd.spec.ts" time="3.97">
</testcase>
<testcase name="Login › Teste no inventory pesquisar" classname="tests\FrontEnd.spec.ts" time="1.417">
<system-out>
<![CDATA[testado todos os tipos de pesquisa com sucesso! 

]]>
</system-out>
</testcase>
<testcase name="Login › Teste no inventory adicionar produto" classname="tests\FrontEnd.spec.ts" time="4.579">
<system-out>
<![CDATA[o carrirnho de compras está visível e habilitado! 


 O valor do cart é: 6


Todos os produtos foram adicionados com sucesso! 

É responsivo! 

======================================================================================================================== 

É responsivo! 

======================================================================================================================== 

É responsivo! 

======================================================================================================================== 

É responsivo! 

======================================================================================================================== 

É responsivo! 

======================================================================================================================== 

É responsivo! 

======================================================================================================================== 

É responsivo! 

======================================================================================================================== 

É responsivo! 

======================================================================================================================== 

]]>
</system-out>
</testcase>
</testsuite>
</testsuites>