<testsuites id="" name="" tests="1" failures="0" skipped="0" errors="0" time="5.431843000000343">
<testsuite name="tests\BackEndBrasilAPI.spec.ts" timestamp="2026-05-20T13:01:35.363Z" hostname="chromium" tests="1" failures="0" skipped="0" time="2.615" errors="0">
<testcase name="API com paralelo › Teste de dados diferentes" classname="tests\BackEndBrasilAPI.spec.ts" time="2.615">
<system-out>
<![CDATA[O status de cada requisição é: 200
O status de cada requisição é: 400
O status de cada requisição é: 400
O status de cada requisição é: 400
O status de cada requisição é: 400
O status de cada requisição é: 400
]]>
</system-out>
</testcase>
</testsuite>
</testsuites>