<testsuites id="" name="" tests="1" failures="0" skipped="0" errors="0" time="10.561649000000209">
<testsuite name="tests\FrontEnd.spec.ts" timestamp="2026-05-26T18:20:08.353Z" hostname="chromium" tests="1" failures="0" skipped="0" time="7.862" errors="0">
<testcase name="Login › Teste no inventory adicionar produto" classname="tests\FrontEnd.spec.ts" time="7.862">
<system-out>
<![CDATA[o carrirnho de compras está visível e habilitado! 


 O valor do cart é: 6


Todos os produtos foram adicionados com sucesso! 

É responsivo! 

======================================================================================================================== 

É responsivo! 

======================================================================================================================== 

É responsivo! 

======================================================================================================================== 

É responsivo! 

======================================================================================================================== 

É responsivo! 

======================================================================================================================== 

É responsivo! 

======================================================================================================================== 

É responsivo! 

======================================================================================================================== 

É responsivo! 

======================================================================================================================== 

]]>
</system-out>
</testcase>
</testsuite>
</testsuites>