<testsuites id="" name="" tests="88" failures="12" skipped="0" errors="0" time="303.7733040000014">
<testsuite name="tests\BackEnd.spec.ts" timestamp="2026-02-19T18:09:18.444Z" hostname="chromium" tests="8" failures="2" skipped="0" time="4.121" errors="0">
<testcase name="API com paralelo › Bancos em geral" classname="tests\BackEnd.spec.ts" time="1.353">
<system-out>
<![CDATA[Promise {
  [36m<pending>[39m,
  [[32mSymbol(async_id_symbol)[39m]: [33m977[39m,
  [[32mSymbol(trigger_async_id_symbol)[39m]: [33m761[39m,
  [[32mSymbol(kResourceStore)[39m]: [90mundefined[39m
}
]]>
</system-out>
</testcase>
<testcase name="API com paralelo › Bancos em geral a validação errada" classname="tests\BackEnd.spec.ts" time="0.406">
<failure message="BackEnd.spec.ts:15:9 Bancos em geral a validação errada" type="FAILURE">
<![CDATA[  [chromium] › tests\BackEnd.spec.ts:15:9 › API com paralelo › Bancos em geral a validação errada ──

    Error: expect(received).toBe(expected) // Object.is equality

    Expected: 400
    Received: 200

      15 |     test("Bancos em geral a validação errada", async({request , page}) => {
      16 |         const response = await request.get(`${site}/banks/v1`);
    > 17 |         expect(response.status()).toBe(400);
         |                                   ^
      18 |     });
      19 |
      20 |         test("banco com o código = 1 e imprimir o valor do status", async({request, page}) => {
        at C:\Users\013772631\OneDrive - IBM\Desktop\QA_Reskill\Projeto QA\tests\BackEnd.spec.ts:17:35
]]>
</failure>
</testcase>
<testcase name="API com paralelo › banco com o código = 1 e imprimir o valor do status" classname="tests\BackEnd.spec.ts" time="0.616">
<system-out>
<![CDATA[[33m200[39m
]]>
</system-out>
</testcase>
<testcase name="API com paralelo › Cep = 89010025 e mostrar o resultado do corpo do JSON" classname="tests\BackEnd.spec.ts" time="0.266">
<system-out>
<![CDATA[{
  cep: [32m'89010025'[39m,
  state: [32m'SC'[39m,
  city: [32m'Blumenau'[39m,
  neighborhood: [32m'Centro'[39m,
  street: [32m'Rua Doutor Luiz de Freitas Melro'[39m,
  service: [32m'open-cep'[39m
}
]]>
</system-out>
</testcase>
<testcase name="API sem paralelo › Bancos em geral" classname="tests\BackEnd.spec.ts" time="0.228">
</testcase>
<testcase name="API sem paralelo › Bancos em geral a validação errada" classname="tests\BackEnd.spec.ts" time="0.348">
<failure message="BackEnd.spec.ts:46:9 Bancos em geral a validação errada" type="FAILURE">
<![CDATA[  [chromium] › tests\BackEnd.spec.ts:46:9 › API sem paralelo › Bancos em geral a validação errada ──

    Error: expect(received).toBe(expected) // Object.is equality

    Expected: 400
    Received: 200

      46 |     test("Bancos em geral a validação errada", async({request , page}) => {
      47 |         const response = await request.get(`${site}/banks/v1`);
    > 48 |         expect(response.status()).toBe(400);
         |                                   ^
      49 |     });
      50 |
      51 |         test("banco com o código = 1 e imprimir o valor do status", async({request, page}) => {
        at C:\Users\013772631\OneDrive - IBM\Desktop\QA_Reskill\Projeto QA\tests\BackEnd.spec.ts:48:35
]]>
</failure>
</testcase>
<testcase name="API sem paralelo › banco com o código = 1 e imprimir o valor do status" classname="tests\BackEnd.spec.ts" time="0.584">
<system-out>
<![CDATA[[33m200[39m
]]>
</system-out>
</testcase>
<testcase name="API sem paralelo › Cep = 89010025 e mostrar o resultado do corpo do JSON" classname="tests\BackEnd.spec.ts" time="0.32">
<system-out>
<![CDATA[{
  cep: [32m'89010025'[39m,
  state: [32m'SC'[39m,
  city: [32m'Blumenau'[39m,
  neighborhood: [32m'Centro'[39m,
  street: [32m'Rua Doutor Luiz de Freitas Melro'[39m,
  service: [32m'open-cep'[39m
}
]]>
</system-out>
</testcase>
</testsuite>
<testsuite name="tests\FrontEnd.spec.ts" timestamp="2026-02-19T18:09:18.444Z" hostname="chromium" tests="36" failures="4" skipped="0" time="76.164" errors="0">
<testcase name="login › Teste de preenchimento correto" classname="tests\FrontEnd.spec.ts" time="1.889">
</testcase>
<testcase name="login › Teste de preenchimento errado" classname="tests\FrontEnd.spec.ts" time="6.433">
<failure message="FrontEnd.spec.ts:18:7 Teste de preenchimento errado" type="FAILURE">
<![CDATA[  [chromium] › tests\FrontEnd.spec.ts:18:7 › login › Teste de preenchimento errado ─────────────────

    Error: expect(locator).toHaveValue(expected) failed

    Locator:  getByPlaceholder('Username')
    Expected: "standard"
    Received: "standard_user"
    Timeout:  5000ms

    Call log:
      - Expect "toHaveValue" with timeout 5000ms
      - waiting for getByPlaceholder('Username')
        9 × locator resolved to <input type="text" id="user-name" name="user-name" autocorrect="off" data-test="username" autocapitalize="none" value="standard_user" placeholder="Username" class="input_error form_input"/>
          - unexpected value "standard_user"


      20 |          await usuario.fill("standard_user")
      21 |          await page.screenshot({path: "Evidencias/preenchimentoErrado.png"});
    > 22 |          await expect(usuario).toHaveValue('standard'); 
         |                                ^
      23 |          
      24 |   });
      25 |
        at C:\Users\013772631\OneDrive - IBM\Desktop\QA_Reskill\Projeto QA\tests\FrontEnd.spec.ts:22:32

    Error Context: test-results\tests-FrontEnd-login-Teste-de-preenchimento-errado-chromium\error-context.md
]]>
</failure>
<system-out>
<![CDATA[
[[ATTACHMENT|test-results\tests-FrontEnd-login-Teste-de-preenchimento-errado-chromium\error-context.md]]
]]>
</system-out>
</testcase>
<testcase name="login › Login com sucesso" classname="tests\FrontEnd.spec.ts" time="2.166">
</testcase>
<testcase name="login › Login erro no usuário clean" classname="tests\FrontEnd.spec.ts" time="2.072">
<failure message="FrontEnd.spec.ts:33:8 Login erro no usuário clean" type="FAILURE">
<![CDATA[  [chromium] › tests\FrontEnd.spec.ts:33:8 › login › Login erro no usuário clean ───────────────────

    Error: locator.click: Error: strict mode violation: getByRole('button') resolved to 2 elements:
        1) <button class="error-button" data-test="error-button">…</button> aka locator('[data-test="error-button"]')
        2) <input type="submit" value="Login" id="login-button" name="login-button" data-test="login-button" class="submit-button btn_action"/> aka locator('[data-test="login-button"]')

    Call log:
      - waiting for getByRole('button')


      41 |      await page.getByPlaceholder("Username").fill('standard_user12');
      42 |      await page.getByPlaceholder('Password').fill('secret_sauce');
    > 43 |      await page.getByRole("button").click(); 
         |                                     ^
      44 |      await page.screenshot({path: "Evidencias/usuarioErroClean3.png"}); 
      45 |   });
      46 |
        at C:\Users\013772631\OneDrive - IBM\Desktop\QA_Reskill\Projeto QA\tests\FrontEnd.spec.ts:43:37

    Error Context: test-results\tests-FrontEnd-login-Login-erro-no-usuário-clean-chromium\error-context.md
]]>
</failure>
<system-out>
<![CDATA[
[[ATTACHMENT|test-results\tests-FrontEnd-login-Login-erro-no-usuário-clean-chromium\error-context.md]]
]]>
</system-out>
</testcase>
<testcase name="login › Login erro no usuário reload" classname="tests\FrontEnd.spec.ts" time="2.234">
</testcase>
<testcase name="login › Login erro no usuário 2" classname="tests\FrontEnd.spec.ts" time="1.281">
</testcase>
<testcase name="login › Login erro no usuário 3" classname="tests\FrontEnd.spec.ts" time="1.377">
</testcase>
<testcase name="login › Login erro no usuário 4" classname="tests\FrontEnd.spec.ts" time="1.294">
</testcase>
<testcase name="login › Login erro na senha 1" classname="tests\FrontEnd.spec.ts" time="1.331">
</testcase>
<testcase name="login › Login erro na senha 2" classname="tests\FrontEnd.spec.ts" time="1.369">
</testcase>
<testcase name="login › Login erro na senha 3" classname="tests\FrontEnd.spec.ts" time="1.49">
</testcase>
<testcase name="login › Login erro na senha 4" classname="tests\FrontEnd.spec.ts" time="1.415">
</testcase>
<testcase name="login › Username locked_out_user" classname="tests\FrontEnd.spec.ts" time="1.494">
</testcase>
<testcase name="login › Username problem_user" classname="tests\FrontEnd.spec.ts" time="1.557">
</testcase>
<testcase name="login › Username performance_glitch_user" classname="tests\FrontEnd.spec.ts" time="6.376">
</testcase>
<testcase name="login › Username error_user" classname="tests\FrontEnd.spec.ts" time="1.557">
</testcase>
<testcase name="login › Username visual_user" classname="tests\FrontEnd.spec.ts" time="1.496">
</testcase>
<testcase name="login › Logout" classname="tests\FrontEnd.spec.ts" time="2.303">
</testcase>
<testcase name="login sem paralelo › Teste de preenchimento correto" classname="tests\FrontEnd.spec.ts" time="1.324">
</testcase>
<testcase name="login sem paralelo › Teste de preenchimento errado" classname="tests\FrontEnd.spec.ts" time="6.191">
<failure message="FrontEnd.spec.ts:167:7 Teste de preenchimento errado" type="FAILURE">
<![CDATA[  [chromium] › tests\FrontEnd.spec.ts:167:7 › login sem paralelo › Teste de preenchimento errado ───

    Error: expect(locator).toHaveValue(expected) failed

    Locator:  getByPlaceholder('Username')
    Expected: "standard"
    Received: "standard_user"
    Timeout:  5000ms

    Call log:
      - Expect "toHaveValue" with timeout 5000ms
      - waiting for getByPlaceholder('Username')
        9 × locator resolved to <input type="text" id="user-name" name="user-name" autocorrect="off" data-test="username" autocapitalize="none" value="standard_user" placeholder="Username" class="input_error form_input"/>
          - unexpected value "standard_user"


      169 |          await usuario.fill("standard_user")
      170 |          await page.screenshot({path: "Evidencias/preenchimentoErrado.png"});
    > 171 |          await expect(usuario).toHaveValue('standard'); 
          |                                ^
      172 |          
      173 |   });
      174 |
        at C:\Users\013772631\OneDrive - IBM\Desktop\QA_Reskill\Projeto QA\tests\FrontEnd.spec.ts:171:32

    Error Context: test-results\tests-FrontEnd-login-sem-p-07a21-ste-de-preenchimento-errado-chromium\error-context.md
]]>
</failure>
<system-out>
<![CDATA[
[[ATTACHMENT|test-results\tests-FrontEnd-login-sem-p-07a21-ste-de-preenchimento-errado-chromium\error-context.md]]
]]>
</system-out>
</testcase>
<testcase name="login sem paralelo › Login com sucesso" classname="tests\FrontEnd.spec.ts" time="1.484">
</testcase>
<testcase name="login sem paralelo › Login erro no usuário clean" classname="tests\FrontEnd.spec.ts" time="1.822">
<failure message="FrontEnd.spec.ts:182:8 Login erro no usuário clean" type="FAILURE">
<![CDATA[  [chromium] › tests\FrontEnd.spec.ts:182:8 › login sem paralelo › Login erro no usuário clean ─────

    Error: locator.click: Error: strict mode violation: getByRole('button') resolved to 2 elements:
        1) <button class="error-button" data-test="error-button">…</button> aka locator('[data-test="error-button"]')
        2) <input type="submit" value="Login" id="login-button" name="login-button" data-test="login-button" class="submit-button btn_action"/> aka locator('[data-test="login-button"]')

    Call log:
      - waiting for getByRole('button')


      190 |      await page.getByPlaceholder("Username").fill('standard_user12');
      191 |      await page.getByPlaceholder('Password').fill('secret_sauce');
    > 192 |      await page.getByRole("button").click(); 
          |                                     ^
      193 |      await page.screenshot({path: "Evidencias/usuarioErroClean3.png"}); 
      194 |   });
      195 |
        at C:\Users\013772631\OneDrive - IBM\Desktop\QA_Reskill\Projeto QA\tests\FrontEnd.spec.ts:192:37

    Error Context: test-results\tests-FrontEnd-login-sem-p-9c3a1-Login-erro-no-usuário-clean-chromium\error-context.md
]]>
</failure>
<system-out>
<![CDATA[
[[ATTACHMENT|test-results\tests-FrontEnd-login-sem-p-9c3a1-Login-erro-no-usuário-clean-chromium\error-context.md]]
]]>
</system-out>
</testcase>
<testcase name="login sem paralelo › Login erro no usuário reload" classname="tests\FrontEnd.spec.ts" time="2.311">
</testcase>
<testcase name="login sem paralelo › Login erro no usuário 2" classname="tests\FrontEnd.spec.ts" time="1.378">
</testcase>
<testcase name="login sem paralelo › Login erro no usuário 3" classname="tests\FrontEnd.spec.ts" time="1.337">
</testcase>
<testcase name="login sem paralelo › Login erro no usuário 4" classname="tests\FrontEnd.spec.ts" time="1.244">
</testcase>
<testcase name="login sem paralelo › Login erro na senha 1" classname="tests\FrontEnd.spec.ts" time="1.222">
</testcase>
<testcase name="login sem paralelo › Login erro na senha 2" classname="tests\FrontEnd.spec.ts" time="1.266">
</testcase>
<testcase name="login sem paralelo › Login erro na senha 3" classname="tests\FrontEnd.spec.ts" time="1.276">
</testcase>
<testcase name="login sem paralelo › Login erro na senha 4" classname="tests\FrontEnd.spec.ts" time="1.215">
</testcase>
<testcase name="login sem paralelo › Username locked_out_user" classname="tests\FrontEnd.spec.ts" time="1.34">
</testcase>
<testcase name="login sem paralelo › Username problem_user" classname="tests\FrontEnd.spec.ts" time="1.549">
</testcase>
<testcase name="login sem paralelo › Username performance_glitch_user" classname="tests\FrontEnd.spec.ts" time="6.551">
</testcase>
<testcase name="login sem paralelo › Username error_user" classname="tests\FrontEnd.spec.ts" time="1.718">
</testcase>
<testcase name="login sem paralelo › Username visual_user" classname="tests\FrontEnd.spec.ts" time="1.437">
</testcase>
<testcase name="login sem paralelo › Logout" classname="tests\FrontEnd.spec.ts" time="2.365">
</testcase>
</testsuite>
<testsuite name="tests\BackEnd.spec.ts" timestamp="2026-02-19T18:09:18.444Z" hostname="webkit" tests="8" failures="2" skipped="0" time="4.38" errors="0">
<testcase name="API com paralelo › Bancos em geral" classname="tests\BackEnd.spec.ts" time="1.608">
<system-out>
<![CDATA[Promise {
  [36m<pending>[39m,
  [[32mSymbol(async_id_symbol)[39m]: [33m971[39m,
  [[32mSymbol(trigger_async_id_symbol)[39m]: [33m753[39m,
  [[32mSymbol(kResourceStore)[39m]: [90mundefined[39m
}
]]>
</system-out>
</testcase>
<testcase name="API com paralelo › Bancos em geral a validação errada" classname="tests\BackEnd.spec.ts" time="0.458">
<failure message="BackEnd.spec.ts:15:9 Bancos em geral a validação errada" type="FAILURE">
<![CDATA[  [webkit] › tests\BackEnd.spec.ts:15:9 › API com paralelo › Bancos em geral a validação errada ────

    Error: expect(received).toBe(expected) // Object.is equality

    Expected: 400
    Received: 200

      15 |     test("Bancos em geral a validação errada", async({request , page}) => {
      16 |         const response = await request.get(`${site}/banks/v1`);
    > 17 |         expect(response.status()).toBe(400);
         |                                   ^
      18 |     });
      19 |
      20 |         test("banco com o código = 1 e imprimir o valor do status", async({request, page}) => {
        at C:\Users\013772631\OneDrive - IBM\Desktop\QA_Reskill\Projeto QA\tests\BackEnd.spec.ts:17:35
]]>
</failure>
</testcase>
<testcase name="API com paralelo › banco com o código = 1 e imprimir o valor do status" classname="tests\BackEnd.spec.ts" time="0.516">
<system-out>
<![CDATA[[33m200[39m
]]>
</system-out>
</testcase>
<testcase name="API com paralelo › Cep = 89010025 e mostrar o resultado do corpo do JSON" classname="tests\BackEnd.spec.ts" time="0.326">
<system-out>
<![CDATA[{
  cep: [32m'89010025'[39m,
  state: [32m'SC'[39m,
  city: [32m'Blumenau'[39m,
  neighborhood: [32m'Centro'[39m,
  street: [32m'Rua Doutor Luiz de Freitas Melro'[39m,
  service: [32m'open-cep'[39m
}
]]>
</system-out>
</testcase>
<testcase name="API sem paralelo › Bancos em geral" classname="tests\BackEnd.spec.ts" time="0.285">
</testcase>
<testcase name="API sem paralelo › Bancos em geral a validação errada" classname="tests\BackEnd.spec.ts" time="0.387">
<failure message="BackEnd.spec.ts:46:9 Bancos em geral a validação errada" type="FAILURE">
<![CDATA[  [webkit] › tests\BackEnd.spec.ts:46:9 › API sem paralelo › Bancos em geral a validação errada ────

    Error: expect(received).toBe(expected) // Object.is equality

    Expected: 400
    Received: 200

      46 |     test("Bancos em geral a validação errada", async({request , page}) => {
      47 |         const response = await request.get(`${site}/banks/v1`);
    > 48 |         expect(response.status()).toBe(400);
         |                                   ^
      49 |     });
      50 |
      51 |         test("banco com o código = 1 e imprimir o valor do status", async({request, page}) => {
        at C:\Users\013772631\OneDrive - IBM\Desktop\QA_Reskill\Projeto QA\tests\BackEnd.spec.ts:48:35
]]>
</failure>
</testcase>
<testcase name="API sem paralelo › banco com o código = 1 e imprimir o valor do status" classname="tests\BackEnd.spec.ts" time="0.508">
<system-out>
<![CDATA[[33m200[39m
]]>
</system-out>
</testcase>
<testcase name="API sem paralelo › Cep = 89010025 e mostrar o resultado do corpo do JSON" classname="tests\BackEnd.spec.ts" time="0.292">
<system-out>
<![CDATA[{
  cep: [32m'89010025'[39m,
  state: [32m'SC'[39m,
  city: [32m'Blumenau'[39m,
  neighborhood: [32m'Centro'[39m,
  street: [32m'Rua Doutor Luiz de Freitas Melro'[39m,
  service: [32m'open-cep'[39m
}
]]>
</system-out>
</testcase>
</testsuite>
<testsuite name="tests\FrontEnd.spec.ts" timestamp="2026-02-19T18:09:18.444Z" hostname="webkit" tests="36" failures="4" skipped="0" time="110.236" errors="0">
<testcase name="login › Teste de preenchimento correto" classname="tests\FrontEnd.spec.ts" time="1.843">
</testcase>
<testcase name="login › Teste de preenchimento errado" classname="tests\FrontEnd.spec.ts" time="6.615">
<failure message="FrontEnd.spec.ts:18:7 Teste de preenchimento errado" type="FAILURE">
<![CDATA[  [webkit] › tests\FrontEnd.spec.ts:18:7 › login › Teste de preenchimento errado ───────────────────

    Error: expect(locator).toHaveValue(expected) failed

    Locator:  getByPlaceholder('Username')
    Expected: "standard"
    Received: "standard_user"
    Timeout:  5000ms

    Call log:
      - Expect "toHaveValue" with timeout 5000ms
      - waiting for getByPlaceholder('Username')
        8 × locator resolved to <input type="text" id="user-name" name="user-name" autocorrect="off" data-test="username" autocapitalize="none" value="standard_user" placeholder="Username" class="input_error form_input"/>
          - unexpected value "standard_user"


      20 |          await usuario.fill("standard_user")
      21 |          await page.screenshot({path: "Evidencias/preenchimentoErrado.png"});
    > 22 |          await expect(usuario).toHaveValue('standard'); 
         |                                ^
      23 |          
      24 |   });
      25 |
        at C:\Users\013772631\OneDrive - IBM\Desktop\QA_Reskill\Projeto QA\tests\FrontEnd.spec.ts:22:32

    Error Context: test-results\tests-FrontEnd-login-Teste-de-preenchimento-errado-webkit\error-context.md
]]>
</failure>
<system-out>
<![CDATA[
[[ATTACHMENT|test-results\tests-FrontEnd-login-Teste-de-preenchimento-errado-webkit\error-context.md]]
]]>
</system-out>
</testcase>
<testcase name="login › Login com sucesso" classname="tests\FrontEnd.spec.ts" time="2.703">
</testcase>
<testcase name="login › Login erro no usuário clean" classname="tests\FrontEnd.spec.ts" time="3.55">
<failure message="FrontEnd.spec.ts:33:8 Login erro no usuário clean" type="FAILURE">
<![CDATA[  [webkit] › tests\FrontEnd.spec.ts:33:8 › login › Login erro no usuário clean ─────────────────────

    Error: locator.click: Error: strict mode violation: getByRole('button') resolved to 2 elements:
        1) <button class="error-button" data-test="error-button">…</button> aka locator('[data-test="error-button"]')
        2) <input type="submit" value="Login" id="login-button" name="login-button" data-test="login-button" class="submit-button btn_action"/> aka locator('[data-test="login-button"]')

    Call log:
      - waiting for getByRole('button')


      41 |      await page.getByPlaceholder("Username").fill('standard_user12');
      42 |      await page.getByPlaceholder('Password').fill('secret_sauce');
    > 43 |      await page.getByRole("button").click(); 
         |                                     ^
      44 |      await page.screenshot({path: "Evidencias/usuarioErroClean3.png"}); 
      45 |   });
      46 |
        at C:\Users\013772631\OneDrive - IBM\Desktop\QA_Reskill\Projeto QA\tests\FrontEnd.spec.ts:43:37

    Error Context: test-results\tests-FrontEnd-login-Login-erro-no-usuário-clean-webkit\error-context.md
]]>
</failure>
<system-out>
<![CDATA[
[[ATTACHMENT|test-results\tests-FrontEnd-login-Login-erro-no-usuário-clean-webkit\error-context.md]]
]]>
</system-out>
</testcase>
<testcase name="login › Login erro no usuário reload" classname="tests\FrontEnd.spec.ts" time="4.369">
</testcase>
<testcase name="login › Login erro no usuário 2" classname="tests\FrontEnd.spec.ts" time="2.251">
</testcase>
<testcase name="login › Login erro no usuário 3" classname="tests\FrontEnd.spec.ts" time="2.188">
</testcase>
<testcase name="login › Login erro no usuário 4" classname="tests\FrontEnd.spec.ts" time="2.269">
</testcase>
<testcase name="login › Login erro na senha 1" classname="tests\FrontEnd.spec.ts" time="2.125">
</testcase>
<testcase name="login › Login erro na senha 2" classname="tests\FrontEnd.spec.ts" time="2.249">
</testcase>
<testcase name="login › Login erro na senha 3" classname="tests\FrontEnd.spec.ts" time="2.308">
</testcase>
<testcase name="login › Login erro na senha 4" classname="tests\FrontEnd.spec.ts" time="2.022">
</testcase>
<testcase name="login › Username locked_out_user" classname="tests\FrontEnd.spec.ts" time="2.19">
</testcase>
<testcase name="login › Username problem_user" classname="tests\FrontEnd.spec.ts" time="2.633">
</testcase>
<testcase name="login › Username performance_glitch_user" classname="tests\FrontEnd.spec.ts" time="7.455">
</testcase>
<testcase name="login › Username error_user" classname="tests\FrontEnd.spec.ts" time="2.588">
</testcase>
<testcase name="login › Username visual_user" classname="tests\FrontEnd.spec.ts" time="2.656">
</testcase>
<testcase name="login › Logout" classname="tests\FrontEnd.spec.ts" time="3.601">
</testcase>
<testcase name="login sem paralelo › Teste de preenchimento correto" classname="tests\FrontEnd.spec.ts" time="1.637">
</testcase>
<testcase name="login sem paralelo › Teste de preenchimento errado" classname="tests\FrontEnd.spec.ts" time="6.385">
<failure message="FrontEnd.spec.ts:167:7 Teste de preenchimento errado" type="FAILURE">
<![CDATA[  [webkit] › tests\FrontEnd.spec.ts:167:7 › login sem paralelo › Teste de preenchimento errado ─────

    Error: expect(locator).toHaveValue(expected) failed

    Locator:  getByPlaceholder('Username')
    Expected: "standard"
    Received: "standard_user"
    Timeout:  5000ms

    Call log:
      - Expect "toHaveValue" with timeout 5000ms
      - waiting for getByPlaceholder('Username')
        8 × locator resolved to <input type="text" id="user-name" name="user-name" autocorrect="off" data-test="username" autocapitalize="none" value="standard_user" placeholder="Username" class="input_error form_input"/>
          - unexpected value "standard_user"


      169 |          await usuario.fill("standard_user")
      170 |          await page.screenshot({path: "Evidencias/preenchimentoErrado.png"});
    > 171 |          await expect(usuario).toHaveValue('standard'); 
          |                                ^
      172 |          
      173 |   });
      174 |
        at C:\Users\013772631\OneDrive - IBM\Desktop\QA_Reskill\Projeto QA\tests\FrontEnd.spec.ts:171:32

    Error Context: test-results\tests-FrontEnd-login-sem-p-07a21-ste-de-preenchimento-errado-webkit\error-context.md
]]>
</failure>
<system-out>
<![CDATA[
[[ATTACHMENT|test-results\tests-FrontEnd-login-sem-p-07a21-ste-de-preenchimento-errado-webkit\error-context.md]]
]]>
</system-out>
</testcase>
<testcase name="login sem paralelo › Login com sucesso" classname="tests\FrontEnd.spec.ts" time="2.769">
</testcase>
<testcase name="login sem paralelo › Login erro no usuário clean" classname="tests\FrontEnd.spec.ts" time="3.433">
<failure message="FrontEnd.spec.ts:182:8 Login erro no usuário clean" type="FAILURE">
<![CDATA[  [webkit] › tests\FrontEnd.spec.ts:182:8 › login sem paralelo › Login erro no usuário clean ───────

    Error: locator.click: Error: strict mode violation: getByRole('button') resolved to 2 elements:
        1) <button class="error-button" data-test="error-button">…</button> aka locator('[data-test="error-button"]')
        2) <input type="submit" value="Login" id="login-button" name="login-button" data-test="login-button" class="submit-button btn_action"/> aka locator('[data-test="login-button"]')

    Call log:
      - waiting for getByRole('button')


      190 |      await page.getByPlaceholder("Username").fill('standard_user12');
      191 |      await page.getByPlaceholder('Password').fill('secret_sauce');
    > 192 |      await page.getByRole("button").click(); 
          |                                     ^
      193 |      await page.screenshot({path: "Evidencias/usuarioErroClean3.png"}); 
      194 |   });
      195 |
        at C:\Users\013772631\OneDrive - IBM\Desktop\QA_Reskill\Projeto QA\tests\FrontEnd.spec.ts:192:37

    Error Context: test-results\tests-FrontEnd-login-sem-p-9c3a1-Login-erro-no-usuário-clean-webkit\error-context.md
]]>
</failure>
<system-out>
<![CDATA[
[[ATTACHMENT|test-results\tests-FrontEnd-login-sem-p-9c3a1-Login-erro-no-usuário-clean-webkit\error-context.md]]
]]>
</system-out>
</testcase>
<testcase name="login sem paralelo › Login erro no usuário reload" classname="tests\FrontEnd.spec.ts" time="4.407">
</testcase>
<testcase name="login sem paralelo › Login erro no usuário 2" classname="tests\FrontEnd.spec.ts" time="2.047">
</testcase>
<testcase name="login sem paralelo › Login erro no usuário 3" classname="tests\FrontEnd.spec.ts" time="2.495">
</testcase>
<testcase name="login sem paralelo › Login erro no usuário 4" classname="tests\FrontEnd.spec.ts" time="2.205">
</testcase>
<testcase name="login sem paralelo › Login erro na senha 1" classname="tests\FrontEnd.spec.ts" time="2.072">
</testcase>
<testcase name="login sem paralelo › Login erro na senha 2" classname="tests\FrontEnd.spec.ts" time="2.305">
</testcase>
<testcase name="login sem paralelo › Login erro na senha 3" classname="tests\FrontEnd.spec.ts" time="2.149">
</testcase>
<testcase name="login sem paralelo › Login erro na senha 4" classname="tests\FrontEnd.spec.ts" time="1.974">
</testcase>
<testcase name="login sem paralelo › Username locked_out_user" classname="tests\FrontEnd.spec.ts" time="2.164">
</testcase>
<testcase name="login sem paralelo › Username problem_user" classname="tests\FrontEnd.spec.ts" time="2.528">
</testcase>
<testcase name="login sem paralelo › Username performance_glitch_user" classname="tests\FrontEnd.spec.ts" time="7.414">
</testcase>
<testcase name="login sem paralelo › Username error_user" classname="tests\FrontEnd.spec.ts" time="2.466">
</testcase>
<testcase name="login sem paralelo › Username visual_user" classname="tests\FrontEnd.spec.ts" time="2.659">
</testcase>
<testcase name="login sem paralelo › Logout" classname="tests\FrontEnd.spec.ts" time="3.512">
</testcase>
</testsuite>
</testsuites>