<testsuites id="" name="" tests="1" failures="1" skipped="0" errors="0" time="4.295962000000291">
<testsuite name="tests\BackEndSoucedemoAPI.spec.ts" timestamp="2026-05-20T10:59:45.065Z" hostname="chromium" tests="1" failures="1" skipped="0" time="1.173" errors="0">
<testcase name="API com paralelo › Bancos em geral a validação errada" classname="tests\BackEndSoucedemoAPI.spec.ts" time="1.173">
<failure message="BackEndSoucedemoAPI.spec.ts:59:6 Bancos em geral a validação errada" type="FAILURE">
<![CDATA[  [chromium] › tests\BackEndSoucedemoAPI.spec.ts:59:6 › API com paralelo › Bancos em geral a validação errada 

    Error: expect(received).toBe(expected) // Object.is equality

    Expected: 200
    Received: 404

      60 |     const site = "https://www.saucedemo.com";
      61 |     const response = await request.get(`${site}/inventory.html`);
    > 62 |     expect(response.status()).toBe(200);
         |                               ^
      63 |   });
      64 |
      65 | });
        at C:\Users\013772631\OneDrive - IBM\Desktop\QA_Reskill\Projeto QA\tests\BackEndSoucedemoAPI.spec.ts:62:31
]]>
</failure>
</testcase>
</testsuite>
</testsuites>