<testsuites id="" name="" tests="1" failures="0" skipped="0" errors="0" time="18.98825500000082">
<testsuite name="tests\FrontEnd.spec.ts" timestamp="2026-05-18T13:32:23.756Z" hostname="chromium" tests="1" failures="0" skipped="0" time="15.897" errors="0">
<testcase name="Login › Teste no inventory adicionar produto" classname="tests\FrontEnd.spec.ts" time="15.897">
<system-out>
<![CDATA[o carrirnho de compras está visível e habilitado! 


 O valor do cart é: 6


Todos os produtos foram adicionados com sucesso! 

É responsivo! 

======================================================================================================================== 

É responsivo! 

======================================================================================================================== 

É responsivo! 

======================================================================================================================== 

É responsivo! 

======================================================================================================================== 

É responsivo! 

======================================================================================================================== 

É responsivo! 

======================================================================================================================== 

É responsivo! 

======================================================================================================================== 

É responsivo! 

======================================================================================================================== 

]]>
</system-out>
</testcase>
</testsuite>
</testsuites>