<testsuites id="" name="" tests="1" failures="0" skipped="0" errors="0" time="6.0765570000000295">
<testsuite name="tests\FrontEnd.spec.ts" timestamp="2026-05-12T09:43:14.225Z" hostname="chromium" tests="1" failures="0" skipped="0" time="2.591" errors="0">
<testcase name="Login › Teste de preenchimento correto" classname="tests\FrontEnd.spec.ts" time="2.591">
<system-out>
<![CDATA[É responsivo! 

======================================================================================================================== 

É responsivo! 

======================================================================================================================== 

É responsivo! 

======================================================================================================================== 

É responsivo! 

======================================================================================================================== 

É responsivo! 

======================================================================================================================== 

É responsivo! 

======================================================================================================================== 

É responsivo! 

======================================================================================================================== 

É responsivo! 

======================================================================================================================== 

]]>
</system-out>
</testcase>
</testsuite>
</testsuites>